<!DOCTYPE html PUBLIC "-//W3C//DTD XHTML 1.1//EN" "https://www.w3.org/TR/xhtml11/DTD/xhtml11.dtd">
<html xmlns="https://www.w3.org/1999/xhtml">
<head>
<meta http-equiv="content-type" content="text/html; charset=UTF-8"/>
<title>TestNG Report</title>
<style type="text/css">table {margin-bottom:10px;border-collapse:collapse;empty-cells:show}th,td {border:1px solid #009;padding:.25em .5em}th {vertical-align:bottom}td {vertical-align:top}table a {font-weight:bold}.stripe td {background-color: #E6EBF9}.num {text-align:right}.passedodd td {background-color: #3F3}.passedeven td {background-color: #0A0}.skippedodd td {background-color: #DDD}.skippedeven td {background-color: #CCC}.failedodd td,.attn {background-color: #F33}.failedeven td,.stripe .attn {background-color: #D00}.stacktrace {white-space:pre;font-family:monospace}.totop {font-size:85%;text-align:center;border-bottom:2px solid #000}.invisible {display:none}</style>
</head>
<body>
<table>
<tr><th>Test</th><th># Passed</th><th># Skipped</th><th># Retried</th><th># Failed</th><th>Time (ms)</th><th>Included Groups</th><th>Excluded Groups</th></tr>
<tr><th colspan="8">EasyJobsTestingSuite</th></tr>
<tr><td><a href="#t0">EmployeeLoginTest</a></td><td class="num">2</td><td class="num">0</td><td class="num">0</td><td class="num">0</td><td class="num">35,995</td><td></td><td></td></tr>
<tr class="stripe"><td><a href="#t1">CreateJobTest</a></td><td class="num">1</td><td class="num">0</td><td class="num">0</td><td class="num attn">1</td><td class="num">98,629</td><td></td><td></td></tr>
<tr><td><a href="#t2">CandidateDetails</a></td><td class="num">3</td><td class="num attn">1</td><td class="num">0</td><td class="num attn">1</td><td class="num">53,014</td><td></td><td></td></tr>
<tr class="stripe"><td><a href="#t3">companySetting</a></td><td class="num">4</td><td class="num">0</td><td class="num">0</td><td class="num">0</td><td class="num">35,943</td><td></td><td></td></tr>
<tr><td><a href="#t4">Evaluation</a></td><td class="num">2</td><td class="num">0</td><td class="num">0</td><td class="num">0</td><td class="num">38,226</td><td></td><td></td></tr>
<tr><th>Total</th><th class="num">12</th><th class="num attn">1</th><th class="num">0</th><th class="num attn">2</th><th class="num">261,807</th><th colspan="2"></th></tr>
</table>
<table id='summary'><thead><tr><th>Class</th><th>Method</th><th>Start</th><th>Time (ms)</th></tr></thead><tbody><tr><th colspan="4">EasyJobsTestingSuite</th></tr></tbody><tbody id="t0"><tr><th colspan="4">EmployeeLoginTest &#8212; passed</th></tr><tr class="passedeven"><td rowspan="2">Wp.EasyJobsProject.Test.EmpLogin</td><td><a href="#m0">checkLoginPageTitle</a></td><td rowspan="1">1609945942444</td><td rowspan="1">22877</td></tr><tr class="passedeven"><td><a href="#m1">elogintest</a></td><td rowspan="1">1609945966070</td><td rowspan="1">12288</td></tr></tbody>
<tbody id="t1"><tr><th colspan="4">CreateJobTest &#8212; failed</th></tr><tr class="failedeven"><td rowspan="1">Wp.EasyJobsProject.Test.CreateJobs</td><td><a href="#m2">createjob</a></td><td rowspan="1">1609945987611</td><td rowspan="1">88861</td></tr><tr><th colspan="4">CreateJobTest &#8212; passed</th></tr><tr class="passedeven"><td rowspan="1">Wp.EasyJobsProject.Test.CreateJobs</td><td><a href="#m3">createjobpageTitle</a></td><td rowspan="1">1609945978397</td><td rowspan="1">9154</td></tr></tbody>
<tbody id="t2"><tr><th colspan="4">CandidateDetails &#8212; failed</th></tr><tr class="failedeven"><td rowspan="1">Wp.EasyJobsProject.Test.CandidateDetails</td><td><a href="#m4">ViewCandidateDetails</a></td><td rowspan="1">1609946117158</td><td rowspan="1">12329</td></tr><tr><th colspan="4">CandidateDetails &#8212; skipped</th></tr><tr class="skippedeven"><td rowspan="1">Wp.EasyJobsProject.Test.CandidateDetails</td><td><a href="#m5">AssignAssessment</a></td><td rowspan="1">1609946130062</td><td rowspan="1">0</td></tr><tr><th colspan="4">CandidateDetails &#8212; passed</th></tr><tr class="passedeven"><td rowspan="3">Wp.EasyJobsProject.Test.CandidateDetails</td><td><a href="#m6">CheckCandidateStatus</a></td><td rowspan="1">1609946086258</td><td rowspan="1">30899</td></tr><tr class="passedeven"><td><a href="#m7">CheckCandidatepageTitle</a></td><td rowspan="1">1609946080063</td><td rowspan="1">6193</td></tr><tr class="passedeven"><td><a href="#m8">details</a></td><td rowspan="1">1609946077057</td><td rowspan="1">3003</td></tr></tbody>
<tbody id="t3"><tr><th colspan="4">companySetting &#8212; passed</th></tr><tr class="passedeven"><td rowspan="4">Wp.EasyJobsProject.Test.Settings</td><td><a href="#m9">companySettings</a></td><td rowspan="1">1609946130089</td><td rowspan="1">9073</td></tr><tr class="passedeven"><td><a href="#m10">manageuser</a></td><td rowspan="1">1609946142867</td><td rowspan="1">18666</td></tr><tr class="passedeven"><td><a href="#m11">pipelinesetup</a></td><td rowspan="1">1609946161534</td><td rowspan="1">4496</td></tr><tr class="passedeven"><td><a href="#m12">setting</a></td><td rowspan="1">1609946139164</td><td rowspan="1">3702</td></tr></tbody>
<tbody id="t4"><tr><th colspan="4">Evaluation &#8212; passed</th></tr><tr class="passedeven"><td rowspan="2">Wp.EasyJobsProject.Test.Evaluation</td><td><a href="#m13">evaluationtest</a></td><td rowspan="1">1609946166040</td><td rowspan="1">3002</td></tr><tr class="passedeven"><td><a href="#m14">quiestionset</a></td><td rowspan="1">1609946169043</td><td rowspan="1">35221</td></tr></tbody>
</table>
<h2>EmployeeLoginTest</h2><h3 id="m0">Wp.EasyJobsProject.Test.EmpLogin#checkLoginPageTitle</h3><table class="result"><tr><th class="invisible"/></tr></table><p class="totop"><a href="#summary">back to summary</a></p>
<h3 id="m1">Wp.EasyJobsProject.Test.EmpLogin#elogintest</h3><table class="result"><tr class="param"><th>Parameter #1</th></tr><tr class="param stripe"><td>[EmpLoginDTO [username=shraboni+00@ar.com.bd, password=12345678]]</td></tr></table><p class="totop"><a href="#summary">back to summary</a></p>
<h2>CreateJobTest</h2><h3 id="m2">Wp.EasyJobsProject.Test.CreateJobs#createjob</h3><table class="result"><tr class="param"><th>Parameter #1</th></tr><tr class="param stripe"><td>[CreateJobDTO [jobtitle=Qa Engineer, jobdetails=We are looking for a Quality Assurance (QA) engineer to develop and execute exploratory and automated tests to ensure product quality.QA engineer responsibilities include designing and implementing tests, debugging and defining corrective actions. You will also review system requirements and track quality assurance metrics (e.g. defect densities and open defect counts.), responsibilites=], CreateJobDTO [jobtitle=, jobdetails=, responsibilites=]]</td></tr><tr><th>Exception</th></tr><tr><td><div class="stacktrace">org.openqa.selenium.NoSuchElementException: no such element: Unable to locate element: {&quot;method&quot;:&quot;xpath&quot;,&quot;selector&quot;:&quot;//*[@id=&quot;appa&quot;]/div[1]/main/div/section/form/a/span[2]&quot;}
  (Session info: chrome=87.0.4280.88)
For documentation on this error, please visit: https://www.seleniumhq.org/exceptions/no_such_element.html
Build info: version: &apos;3.141.59&apos;, revision: &apos;e82be7d358&apos;, time: &apos;2018-11-14T08:17:03&apos;
System info: host: &apos;WPDEV-LAPTOP-SH&apos;, ip: &apos;192.168.0.4&apos;, os.name: &apos;Windows 10&apos;, os.arch: &apos;amd64&apos;, os.version: &apos;10.0&apos;, java.version: &apos;1.8.0_251&apos;
Driver info: org.openqa.selenium.chrome.ChromeDriver
Capabilities {acceptInsecureCerts: false, browserName: chrome, browserVersion: 87.0.4280.88, chrome: {chromedriverVersion: 87.0.4280.88 (89e2380a3e36c..., userDataDir: C:\Users\Shraboni\AppData\L...}, goog:chromeOptions: {debuggerAddress: localhost:65376}, javascriptEnabled: true, networkConnectionEnabled: false, pageLoadStrategy: normal, platform: WINDOWS, platformName: WINDOWS, proxy: Proxy(), setWindowRect: true, strictFileInteractability: false, timeouts: {implicit: 0, pageLoad: 300000, script: 30000}, unhandledPromptBehavior: dismiss and notify, webauthn:virtualAuthenticators: true}
Session ID: b685ecf6913a7fd50878b7c6dd41f66c
*** Element info: {Using=xpath, value=//*[@id=&quot;appa&quot;]/div[1]/main/div/section/form/a/span[2]}
	at org.openqa.selenium.remote.http.W3CHttpResponseCodec.createException(W3CHttpResponseCodec.java:187)
	at org.openqa.selenium.remote.http.W3CHttpResponseCodec.decode(W3CHttpResponseCodec.java:122)
	at org.openqa.selenium.remote.http.W3CHttpResponseCodec.decode(W3CHttpResponseCodec.java:49)
	at org.openqa.selenium.remote.HttpCommandExecutor.execute(HttpCommandExecutor.java:158)
	at org.openqa.selenium.remote.service.DriverCommandExecutor.execute(DriverCommandExecutor.java:83)
	at org.openqa.selenium.remote.RemoteWebDriver.execute(RemoteWebDriver.java:552)
	at org.openqa.selenium.remote.RemoteWebDriver.findElement(RemoteWebDriver.java:323)
	at org.openqa.selenium.remote.RemoteWebDriver.findElementByXPath(RemoteWebDriver.java:428)
	at org.openqa.selenium.By$ByXPath.findElement(By.java:353)
	at org.openqa.selenium.remote.RemoteWebDriver.findElement(RemoteWebDriver.java:315)
	at Wp.EasyJobsProject.Test.CreateJobs.createjob(CreateJobs.java:54)
	at java.util.ArrayList.forEach(ArrayList.java:1257)
... Removed 31 stack frames</div></td></tr></table><p class="totop"><a href="#summary">back to summary</a></p>
<h3 id="m3">Wp.EasyJobsProject.Test.CreateJobs#createjobpageTitle</h3><table class="result"><tr><th class="invisible"/></tr></table><p class="totop"><a href="#summary">back to summary</a></p>
<h2>CandidateDetails</h2><h3 id="m4">Wp.EasyJobsProject.Test.CandidateDetails#ViewCandidateDetails</h3><table class="result"><tr><th>Exception</th></tr><tr><td><div class="stacktrace">org.openqa.selenium.NoSuchElementException: no such element: Unable to locate element: {&quot;method&quot;:&quot;xpath&quot;,&quot;selector&quot;:&quot;//*[@id=&quot;appa&quot;]/div[1]/main/div/section/div[2]/div[2]/div[2]/div[1]/div/a[1]&quot;}
  (Session info: chrome=87.0.4280.88)
For documentation on this error, please visit: https://www.seleniumhq.org/exceptions/no_such_element.html
Build info: version: &apos;3.141.59&apos;, revision: &apos;e82be7d358&apos;, time: &apos;2018-11-14T08:17:03&apos;
System info: host: &apos;WPDEV-LAPTOP-SH&apos;, ip: &apos;192.168.0.4&apos;, os.name: &apos;Windows 10&apos;, os.arch: &apos;amd64&apos;, os.version: &apos;10.0&apos;, java.version: &apos;1.8.0_251&apos;
Driver info: org.openqa.selenium.chrome.ChromeDriver
Capabilities {acceptInsecureCerts: false, browserName: chrome, browserVersion: 87.0.4280.88, chrome: {chromedriverVersion: 87.0.4280.88 (89e2380a3e36c..., userDataDir: C:\Users\Shraboni\AppData\L...}, goog:chromeOptions: {debuggerAddress: localhost:65376}, javascriptEnabled: true, networkConnectionEnabled: false, pageLoadStrategy: normal, platform: WINDOWS, platformName: WINDOWS, proxy: Proxy(), setWindowRect: true, strictFileInteractability: false, timeouts: {implicit: 0, pageLoad: 300000, script: 30000}, unhandledPromptBehavior: dismiss and notify, webauthn:virtualAuthenticators: true}
Session ID: b685ecf6913a7fd50878b7c6dd41f66c
*** Element info: {Using=xpath, value=//*[@id=&quot;appa&quot;]/div[1]/main/div/section/div[2]/div[2]/div[2]/div[1]/div/a[1]}
	at org.openqa.selenium.remote.http.W3CHttpResponseCodec.createException(W3CHttpResponseCodec.java:187)
	at org.openqa.selenium.remote.http.W3CHttpResponseCodec.decode(W3CHttpResponseCodec.java:122)
	at org.openqa.selenium.remote.http.W3CHttpResponseCodec.decode(W3CHttpResponseCodec.java:49)
	at org.openqa.selenium.remote.HttpCommandExecutor.execute(HttpCommandExecutor.java:158)
	at org.openqa.selenium.remote.service.DriverCommandExecutor.execute(DriverCommandExecutor.java:83)
	at org.openqa.selenium.remote.RemoteWebDriver.execute(RemoteWebDriver.java:552)
	at org.openqa.selenium.remote.RemoteWebDriver.findElement(RemoteWebDriver.java:323)
	at org.openqa.selenium.remote.RemoteWebDriver.findElementByXPath(RemoteWebDriver.java:428)
	at org.openqa.selenium.By$ByXPath.findElement(By.java:353)
	at org.openqa.selenium.remote.RemoteWebDriver.findElement(RemoteWebDriver.java:315)
	at Wp.EasyJobsProject.Test.CandidateDetails.ViewCandidateDetails(CandidateDetails.java:87)
	at java.util.ArrayList.forEach(ArrayList.java:1257)
... Removed 31 stack frames</div></td></tr></table><p class="totop"><a href="#summary">back to summary</a></p>
<h3 id="m5">Wp.EasyJobsProject.Test.CandidateDetails#AssignAssessment</h3><table class="result"><tr><th>Exception</th></tr><tr><td><div class="stacktrace">java.lang.Throwable: Method CandidateDetails.AssignAssessment()[pri:0, instance:Wp.EasyJobsProject.Test.CandidateDetails@480bdb19] depends on not successfully finished methods
	at java.util.ArrayList.forEach(ArrayList.java:1257)
... Removed 18 stack frames</div></td></tr></table><p class="totop"><a href="#summary">back to summary</a></p>
<h3 id="m6">Wp.EasyJobsProject.Test.CandidateDetails#CheckCandidateStatus</h3><table class="result"><tr><th class="invisible"/></tr></table><p class="totop"><a href="#summary">back to summary</a></p>
<h3 id="m7">Wp.EasyJobsProject.Test.CandidateDetails#CheckCandidatepageTitle</h3><table class="result"><tr><th class="invisible"/></tr></table><p class="totop"><a href="#summary">back to summary</a></p>
<h3 id="m8">Wp.EasyJobsProject.Test.CandidateDetails#details</h3><table class="result"><tr><th class="invisible"/></tr></table><p class="totop"><a href="#summary">back to summary</a></p>
<h2>companySetting</h2><h3 id="m9">Wp.EasyJobsProject.Test.Settings#companySettings</h3><table class="result"><tr><th class="invisible"/></tr></table><p class="totop"><a href="#summary">back to summary</a></p>
<h3 id="m10">Wp.EasyJobsProject.Test.Settings#manageuser</h3><table class="result"><tr><th class="invisible"/></tr></table><p class="totop"><a href="#summary">back to summary</a></p>
<h3 id="m11">Wp.EasyJobsProject.Test.Settings#pipelinesetup</h3><table class="result"><tr><th class="invisible"/></tr></table><p class="totop"><a href="#summary">back to summary</a></p>
<h3 id="m12">Wp.EasyJobsProject.Test.Settings#setting</h3><table class="result"><tr><th class="invisible"/></tr></table><p class="totop"><a href="#summary">back to summary</a></p>
<h2>Evaluation</h2><h3 id="m13">Wp.EasyJobsProject.Test.Evaluation#evaluationtest</h3><table class="result"><tr><th class="invisible"/></tr></table><p class="totop"><a href="#summary">back to summary</a></p>
<h3 id="m14">Wp.EasyJobsProject.Test.Evaluation#quiestionset</h3><table class="result"><tr><th class="invisible"/></tr></table><p class="totop"><a href="#summary">back to summary</a></p>
</body>
</html>
