<?xml version="1.0" encoding="UTF-8"?>
<testng-results skipped="1" failed="2" ignored="0" total="15" passed="12">
  <reporter-output>
  </reporter-output>
  <suite name="EasyJobsTestingSuite" duration-ms="261898" started-at="2021-01-06T21:12:22 BDT" finished-at="2021-01-06T21:16:44 BDT">
    <groups>
    </groups>
    <test name="EmployeeLoginTest" duration-ms="35995" started-at="2021-01-06T21:12:22 BDT" finished-at="2021-01-06T21:12:58 BDT">
      <class name="Wp.EasyJobsProject.Test.EmpLogin">
        <test-method status="PASS" signature="checkLoginPageTitle()[pri:0, instance:Wp.EasyJobsProject.Test.EmpLogin@6895a785]" name="checkLoginPageTitle" duration-ms="22877" started-at="2021-01-06T21:12:22 BDT" finished-at="2021-01-06T21:12:45 BDT">
          <reporter-output>
          </reporter-output>
        </test-method> <!-- checkLoginPageTitle -->
        <test-method status="PASS" signature="elogintest(java.util.List)[pri:0, instance:Wp.EasyJobsProject.Test.EmpLogin@6895a785]" name="elogintest" duration-ms="12288" started-at="2021-01-06T21:12:46 BDT" data-provider="emplogdata" depends-on-methods="Wp.EasyJobsProject.Test.EmpLogin.checkLoginPageTitle" finished-at="2021-01-06T21:12:58 BDT">
          <params>
            <param index="0">
              <value>
                <![CDATA[[EmpLoginDTO [username=shraboni+00@ar.com.bd, password=12345678]]]]>
              </value>
            </param>
          </params>
          <reporter-output>
          </reporter-output>
        </test-method> <!-- elogintest -->
      </class> <!-- Wp.EasyJobsProject.Test.EmpLogin -->
    </test> <!-- EmployeeLoginTest -->
    <test name="CreateJobTest" duration-ms="98629" started-at="2021-01-06T21:12:58 BDT" finished-at="2021-01-06T21:14:37 BDT">
      <class name="Wp.EasyJobsProject.Test.CreateJobs">
        <test-method status="PASS" signature="createjobpageTitle()[pri:0, instance:Wp.EasyJobsProject.Test.CreateJobs@76b0bfab]" name="createjobpageTitle" duration-ms="9154" started-at="2021-01-06T21:12:58 BDT" finished-at="2021-01-06T21:13:07 BDT">
          <reporter-output>
          </reporter-output>
        </test-method> <!-- createjobpageTitle -->
        <test-method status="FAIL" signature="createjob(java.util.List)[pri:0, instance:Wp.EasyJobsProject.Test.CreateJobs@76b0bfab]" name="createjob" duration-ms="88861" started-at="2021-01-06T21:13:07 BDT" data-provider="createjob" depends-on-methods="Wp.EasyJobsProject.Test.CreateJobs.createjobpageTitle" finished-at="2021-01-06T21:14:36 BDT">
          <params>
            <param index="0">
              <value>
                <![CDATA[[CreateJobDTO [jobtitle=Qa Engineer, jobdetails=We are looking for a Quality Assurance (QA) engineer to develop and execute exploratory and automated tests to ensure product quality.QA engineer responsibilities include designing and implementing tests, debugging and defining corrective actions. You will also review system requirements and track quality assurance metrics (e.g. defect densities and open defect counts.), responsibilites=], CreateJobDTO [jobtitle=, jobdetails=, responsibilites=]]]]>
              </value>
            </param>
          </params>
          <exception class="org.openqa.selenium.NoSuchElementException">
            <message>
              <![CDATA[no such element: Unable to locate element: {"method":"xpath","selector":"//*[@id="appa"]/div[1]/main/div/section/form/a/span[2]"}
  (Session info: chrome=87.0.4280.88)
For documentation on this error, please visit: https://www.seleniumhq.org/exceptions/no_such_element.html
Build info: version: '3.141.59', revision: 'e82be7d358', time: '2018-11-14T08:17:03'
System info: host: 'WPDEV-LAPTOP-SH', ip: '192.168.0.4', os.name: 'Windows 10', os.arch: 'amd64', os.version: '10.0', java.version: '1.8.0_251'
Driver info: org.openqa.selenium.chrome.ChromeDriver
Capabilities {acceptInsecureCerts: false, browserName: chrome, browserVersion: 87.0.4280.88, chrome: {chromedriverVersion: 87.0.4280.88 (89e2380a3e36c..., userDataDir: C:\Users\Shraboni\AppData\L...}, goog:chromeOptions: {debuggerAddress: localhost:65376}, javascriptEnabled: true, networkConnectionEnabled: false, pageLoadStrategy: normal, platform: WINDOWS, platformName: WINDOWS, proxy: Proxy(), setWindowRect: true, strictFileInteractability: false, timeouts: {implicit: 0, pageLoad: 300000, script: 30000}, unhandledPromptBehavior: dismiss and notify, webauthn:virtualAuthenticators: true}
Session ID: b685ecf6913a7fd50878b7c6dd41f66c
*** Element info: {Using=xpath, value=//*[@id="appa"]/div[1]/main/div/section/form/a/span[2]}]]>
            </message>
            <full-stacktrace>
              <![CDATA[org.openqa.selenium.NoSuchElementException: no such element: Unable to locate element: {"method":"xpath","selector":"//*[@id="appa"]/div[1]/main/div/section/form/a/span[2]"}
  (Session info: chrome=87.0.4280.88)
For documentation on this error, please visit: https://www.seleniumhq.org/exceptions/no_such_element.html
Build info: version: '3.141.59', revision: 'e82be7d358', time: '2018-11-14T08:17:03'
System info: host: 'WPDEV-LAPTOP-SH', ip: '192.168.0.4', os.name: 'Windows 10', os.arch: 'amd64', os.version: '10.0', java.version: '1.8.0_251'
Driver info: org.openqa.selenium.chrome.ChromeDriver
Capabilities {acceptInsecureCerts: false, browserName: chrome, browserVersion: 87.0.4280.88, chrome: {chromedriverVersion: 87.0.4280.88 (89e2380a3e36c..., userDataDir: C:\Users\Shraboni\AppData\L...}, goog:chromeOptions: {debuggerAddress: localhost:65376}, javascriptEnabled: true, networkConnectionEnabled: false, pageLoadStrategy: normal, platform: WINDOWS, platformName: WINDOWS, proxy: Proxy(), setWindowRect: true, strictFileInteractability: false, timeouts: {implicit: 0, pageLoad: 300000, script: 30000}, unhandledPromptBehavior: dismiss and notify, webauthn:virtualAuthenticators: true}
Session ID: b685ecf6913a7fd50878b7c6dd41f66c
*** Element info: {Using=xpath, value=//*[@id="appa"]/div[1]/main/div/section/form/a/span[2]}
at sun.reflect.NativeConstructorAccessorImpl.newInstance0(Native Method)
at sun.reflect.NativeConstructorAccessorImpl.newInstance(NativeConstructorAccessorImpl.java:62)
at sun.reflect.DelegatingConstructorAccessorImpl.newInstance(DelegatingConstructorAccessorImpl.java:45)
at java.lang.reflect.Constructor.newInstance(Constructor.java:423)
at org.openqa.selenium.remote.http.W3CHttpResponseCodec.createException(W3CHttpResponseCodec.java:187)
at org.openqa.selenium.remote.http.W3CHttpResponseCodec.decode(W3CHttpResponseCodec.java:122)
at org.openqa.selenium.remote.http.W3CHttpResponseCodec.decode(W3CHttpResponseCodec.java:49)
at org.openqa.selenium.remote.HttpCommandExecutor.execute(HttpCommandExecutor.java:158)
at org.openqa.selenium.remote.service.DriverCommandExecutor.execute(DriverCommandExecutor.java:83)
at org.openqa.selenium.remote.RemoteWebDriver.execute(RemoteWebDriver.java:552)
at org.openqa.selenium.remote.RemoteWebDriver.findElement(RemoteWebDriver.java:323)
at org.openqa.selenium.remote.RemoteWebDriver.findElementByXPath(RemoteWebDriver.java:428)
at org.openqa.selenium.By$ByXPath.findElement(By.java:353)
at org.openqa.selenium.remote.RemoteWebDriver.findElement(RemoteWebDriver.java:315)
at Wp.EasyJobsProject.Test.CreateJobs.createjob(CreateJobs.java:54)
at sun.reflect.NativeMethodAccessorImpl.invoke0(Native Method)
at sun.reflect.NativeMethodAccessorImpl.invoke(NativeMethodAccessorImpl.java:62)
at sun.reflect.DelegatingMethodAccessorImpl.invoke(DelegatingMethodAccessorImpl.java:43)
at java.lang.reflect.Method.invoke(Method.java:498)
at org.testng.internal.MethodInvocationHelper.invokeMethod(MethodInvocationHelper.java:132)
at org.testng.internal.TestInvoker.invokeMethod(TestInvoker.java:599)
at org.testng.internal.TestInvoker.invokeTestMethod(TestInvoker.java:174)
at org.testng.internal.MethodRunner.runInSequence(MethodRunner.java:46)
at org.testng.internal.TestInvoker$MethodInvocationAgent.invoke(TestInvoker.java:822)
at org.testng.internal.TestInvoker.invokeTestMethods(TestInvoker.java:147)
at org.testng.internal.TestMethodWorker.invokeTestMethods(TestMethodWorker.java:146)
at org.testng.internal.TestMethodWorker.run(TestMethodWorker.java:128)
at java.util.ArrayList.forEach(ArrayList.java:1257)
at org.testng.TestRunner.privateRun(TestRunner.java:764)
at org.testng.TestRunner.run(TestRunner.java:585)
at org.testng.SuiteRunner.runTest(SuiteRunner.java:384)
at org.testng.SuiteRunner.runSequentially(SuiteRunner.java:378)
at org.testng.SuiteRunner.privateRun(SuiteRunner.java:337)
at org.testng.SuiteRunner.run(SuiteRunner.java:286)
at org.testng.SuiteRunnerWorker.runSuite(SuiteRunnerWorker.java:53)
at org.testng.SuiteRunnerWorker.run(SuiteRunnerWorker.java:96)
at org.testng.TestNG.runSuitesSequentially(TestNG.java:1218)
at org.testng.TestNG.runSuitesLocally(TestNG.java:1140)
at org.testng.TestNG.runSuites(TestNG.java:1069)
at org.testng.TestNG.run(TestNG.java:1037)
at org.testng.remote.AbstractRemoteTestNG.run(AbstractRemoteTestNG.java:115)
at org.testng.remote.RemoteTestNG.initAndRun(RemoteTestNG.java:251)
at org.testng.remote.RemoteTestNG.main(RemoteTestNG.java:77)
]]>
            </full-stacktrace>
          </exception> <!-- org.openqa.selenium.NoSuchElementException -->
          <reporter-output>
          </reporter-output>
        </test-method> <!-- createjob -->
      </class> <!-- Wp.EasyJobsProject.Test.CreateJobs -->
    </test> <!-- CreateJobTest -->
    <test name="CandidateDetails" duration-ms="53014" started-at="2021-01-06T21:14:37 BDT" finished-at="2021-01-06T21:15:30 BDT">
      <class name="Wp.EasyJobsProject.Test.CandidateDetails">
        <test-method status="PASS" signature="details()[pri:0, instance:Wp.EasyJobsProject.Test.CandidateDetails@480bdb19]" name="details" duration-ms="3003" started-at="2021-01-06T21:14:37 BDT" finished-at="2021-01-06T21:14:40 BDT">
          <reporter-output>
          </reporter-output>
        </test-method> <!-- details -->
        <test-method status="PASS" signature="CheckCandidatepageTitle()[pri:0, instance:Wp.EasyJobsProject.Test.CandidateDetails@480bdb19]" name="CheckCandidatepageTitle" duration-ms="6193" started-at="2021-01-06T21:14:40 BDT" depends-on-methods="Wp.EasyJobsProject.Test.CandidateDetails.details" finished-at="2021-01-06T21:14:46 BDT">
          <reporter-output>
          </reporter-output>
        </test-method> <!-- CheckCandidatepageTitle -->
        <test-method status="PASS" signature="CheckCandidateStatus()[pri:0, instance:Wp.EasyJobsProject.Test.CandidateDetails@480bdb19]" name="CheckCandidateStatus" duration-ms="30899" started-at="2021-01-06T21:14:46 BDT" depends-on-methods="Wp.EasyJobsProject.Test.CandidateDetails.CheckCandidatepageTitle" finished-at="2021-01-06T21:15:17 BDT">
          <reporter-output>
          </reporter-output>
        </test-method> <!-- CheckCandidateStatus -->
        <test-method status="FAIL" signature="ViewCandidateDetails()[pri:0, instance:Wp.EasyJobsProject.Test.CandidateDetails@480bdb19]" name="ViewCandidateDetails" duration-ms="12329" started-at="2021-01-06T21:15:17 BDT" depends-on-methods="Wp.EasyJobsProject.Test.CandidateDetails.CheckCandidateStatus" finished-at="2021-01-06T21:15:29 BDT">
          <exception class="org.openqa.selenium.NoSuchElementException">
            <message>
              <![CDATA[no such element: Unable to locate element: {"method":"xpath","selector":"//*[@id="appa"]/div[1]/main/div/section/div[2]/div[2]/div[2]/div[1]/div/a[1]"}
  (Session info: chrome=87.0.4280.88)
For documentation on this error, please visit: https://www.seleniumhq.org/exceptions/no_such_element.html
Build info: version: '3.141.59', revision: 'e82be7d358', time: '2018-11-14T08:17:03'
System info: host: 'WPDEV-LAPTOP-SH', ip: '192.168.0.4', os.name: 'Windows 10', os.arch: 'amd64', os.version: '10.0', java.version: '1.8.0_251'
Driver info: org.openqa.selenium.chrome.ChromeDriver
Capabilities {acceptInsecureCerts: false, browserName: chrome, browserVersion: 87.0.4280.88, chrome: {chromedriverVersion: 87.0.4280.88 (89e2380a3e36c..., userDataDir: C:\Users\Shraboni\AppData\L...}, goog:chromeOptions: {debuggerAddress: localhost:65376}, javascriptEnabled: true, networkConnectionEnabled: false, pageLoadStrategy: normal, platform: WINDOWS, platformName: WINDOWS, proxy: Proxy(), setWindowRect: true, strictFileInteractability: false, timeouts: {implicit: 0, pageLoad: 300000, script: 30000}, unhandledPromptBehavior: dismiss and notify, webauthn:virtualAuthenticators: true}
Session ID: b685ecf6913a7fd50878b7c6dd41f66c
*** Element info: {Using=xpath, value=//*[@id="appa"]/div[1]/main/div/section/div[2]/div[2]/div[2]/div[1]/div/a[1]}]]>
            </message>
            <full-stacktrace>
              <![CDATA[org.openqa.selenium.NoSuchElementException: no such element: Unable to locate element: {"method":"xpath","selector":"//*[@id="appa"]/div[1]/main/div/section/div[2]/div[2]/div[2]/div[1]/div/a[1]"}
  (Session info: chrome=87.0.4280.88)
For documentation on this error, please visit: https://www.seleniumhq.org/exceptions/no_such_element.html
Build info: version: '3.141.59', revision: 'e82be7d358', time: '2018-11-14T08:17:03'
System info: host: 'WPDEV-LAPTOP-SH', ip: '192.168.0.4', os.name: 'Windows 10', os.arch: 'amd64', os.version: '10.0', java.version: '1.8.0_251'
Driver info: org.openqa.selenium.chrome.ChromeDriver
Capabilities {acceptInsecureCerts: false, browserName: chrome, browserVersion: 87.0.4280.88, chrome: {chromedriverVersion: 87.0.4280.88 (89e2380a3e36c..., userDataDir: C:\Users\Shraboni\AppData\L...}, goog:chromeOptions: {debuggerAddress: localhost:65376}, javascriptEnabled: true, networkConnectionEnabled: false, pageLoadStrategy: normal, platform: WINDOWS, platformName: WINDOWS, proxy: Proxy(), setWindowRect: true, strictFileInteractability: false, timeouts: {implicit: 0, pageLoad: 300000, script: 30000}, unhandledPromptBehavior: dismiss and notify, webauthn:virtualAuthenticators: true}
Session ID: b685ecf6913a7fd50878b7c6dd41f66c
*** Element info: {Using=xpath, value=//*[@id="appa"]/div[1]/main/div/section/div[2]/div[2]/div[2]/div[1]/div/a[1]}
at sun.reflect.NativeConstructorAccessorImpl.newInstance0(Native Method)
at sun.reflect.NativeConstructorAccessorImpl.newInstance(NativeConstructorAccessorImpl.java:62)
at sun.reflect.DelegatingConstructorAccessorImpl.newInstance(DelegatingConstructorAccessorImpl.java:45)
at java.lang.reflect.Constructor.newInstance(Constructor.java:423)
at org.openqa.selenium.remote.http.W3CHttpResponseCodec.createException(W3CHttpResponseCodec.java:187)
at org.openqa.selenium.remote.http.W3CHttpResponseCodec.decode(W3CHttpResponseCodec.java:122)
at org.openqa.selenium.remote.http.W3CHttpResponseCodec.decode(W3CHttpResponseCodec.java:49)
at org.openqa.selenium.remote.HttpCommandExecutor.execute(HttpCommandExecutor.java:158)
at org.openqa.selenium.remote.service.DriverCommandExecutor.execute(DriverCommandExecutor.java:83)
at org.openqa.selenium.remote.RemoteWebDriver.execute(RemoteWebDriver.java:552)
at org.openqa.selenium.remote.RemoteWebDriver.findElement(RemoteWebDriver.java:323)
at org.openqa.selenium.remote.RemoteWebDriver.findElementByXPath(RemoteWebDriver.java:428)
at org.openqa.selenium.By$ByXPath.findElement(By.java:353)
at org.openqa.selenium.remote.RemoteWebDriver.findElement(RemoteWebDriver.java:315)
at Wp.EasyJobsProject.Test.CandidateDetails.ViewCandidateDetails(CandidateDetails.java:87)
at sun.reflect.NativeMethodAccessorImpl.invoke0(Native Method)
at sun.reflect.NativeMethodAccessorImpl.invoke(NativeMethodAccessorImpl.java:62)
at sun.reflect.DelegatingMethodAccessorImpl.invoke(DelegatingMethodAccessorImpl.java:43)
at java.lang.reflect.Method.invoke(Method.java:498)
at org.testng.internal.MethodInvocationHelper.invokeMethod(MethodInvocationHelper.java:132)
at org.testng.internal.TestInvoker.invokeMethod(TestInvoker.java:599)
at org.testng.internal.TestInvoker.invokeTestMethod(TestInvoker.java:174)
at org.testng.internal.MethodRunner.runInSequence(MethodRunner.java:46)
at org.testng.internal.TestInvoker$MethodInvocationAgent.invoke(TestInvoker.java:822)
at org.testng.internal.TestInvoker.invokeTestMethods(TestInvoker.java:147)
at org.testng.internal.TestMethodWorker.invokeTestMethods(TestMethodWorker.java:146)
at org.testng.internal.TestMethodWorker.run(TestMethodWorker.java:128)
at java.util.ArrayList.forEach(ArrayList.java:1257)
at org.testng.TestRunner.privateRun(TestRunner.java:764)
at org.testng.TestRunner.run(TestRunner.java:585)
at org.testng.SuiteRunner.runTest(SuiteRunner.java:384)
at org.testng.SuiteRunner.runSequentially(SuiteRunner.java:378)
at org.testng.SuiteRunner.privateRun(SuiteRunner.java:337)
at org.testng.SuiteRunner.run(SuiteRunner.java:286)
at org.testng.SuiteRunnerWorker.runSuite(SuiteRunnerWorker.java:53)
at org.testng.SuiteRunnerWorker.run(SuiteRunnerWorker.java:96)
at org.testng.TestNG.runSuitesSequentially(TestNG.java:1218)
at org.testng.TestNG.runSuitesLocally(TestNG.java:1140)
at org.testng.TestNG.runSuites(TestNG.java:1069)
at org.testng.TestNG.run(TestNG.java:1037)
at org.testng.remote.AbstractRemoteTestNG.run(AbstractRemoteTestNG.java:115)
at org.testng.remote.RemoteTestNG.initAndRun(RemoteTestNG.java:251)
at org.testng.remote.RemoteTestNG.main(RemoteTestNG.java:77)
]]>
            </full-stacktrace>
          </exception> <!-- org.openqa.selenium.NoSuchElementException -->
          <reporter-output>
          </reporter-output>
        </test-method> <!-- ViewCandidateDetails -->
        <test-method status="SKIP" signature="AssignAssessment()[pri:0, instance:Wp.EasyJobsProject.Test.CandidateDetails@480bdb19]" name="AssignAssessment" duration-ms="0" started-at="2021-01-06T21:15:30 BDT" depends-on-methods="Wp.EasyJobsProject.Test.CandidateDetails.ViewCandidateDetails" finished-at="2021-01-06T21:15:30 BDT">
          <exception class="java.lang.Throwable">
            <message>
              <![CDATA[Method CandidateDetails.AssignAssessment()[pri:0, instance:Wp.EasyJobsProject.Test.CandidateDetails@480bdb19] depends on not successfully finished methods]]>
            </message>
            <full-stacktrace>
              <![CDATA[java.lang.Throwable: Method CandidateDetails.AssignAssessment()[pri:0, instance:Wp.EasyJobsProject.Test.CandidateDetails@480bdb19] depends on not successfully finished methods
at org.testng.internal.TestInvoker.invokeTestMethods(TestInvoker.java:102)
at org.testng.internal.TestMethodWorker.invokeTestMethods(TestMethodWorker.java:146)
at org.testng.internal.TestMethodWorker.run(TestMethodWorker.java:128)
at java.util.ArrayList.forEach(ArrayList.java:1257)
at org.testng.TestRunner.privateRun(TestRunner.java:764)
at org.testng.TestRunner.run(TestRunner.java:585)
at org.testng.SuiteRunner.runTest(SuiteRunner.java:384)
at org.testng.SuiteRunner.runSequentially(SuiteRunner.java:378)
at org.testng.SuiteRunner.privateRun(SuiteRunner.java:337)
at org.testng.SuiteRunner.run(SuiteRunner.java:286)
at org.testng.SuiteRunnerWorker.runSuite(SuiteRunnerWorker.java:53)
at org.testng.SuiteRunnerWorker.run(SuiteRunnerWorker.java:96)
at org.testng.TestNG.runSuitesSequentially(TestNG.java:1218)
at org.testng.TestNG.runSuitesLocally(TestNG.java:1140)
at org.testng.TestNG.runSuites(TestNG.java:1069)
at org.testng.TestNG.run(TestNG.java:1037)
at org.testng.remote.AbstractRemoteTestNG.run(AbstractRemoteTestNG.java:115)
at org.testng.remote.RemoteTestNG.initAndRun(RemoteTestNG.java:251)
at org.testng.remote.RemoteTestNG.main(RemoteTestNG.java:77)
]]>
            </full-stacktrace>
          </exception> <!-- java.lang.Throwable -->
          <reporter-output>
          </reporter-output>
        </test-method> <!-- AssignAssessment -->
      </class> <!-- Wp.EasyJobsProject.Test.CandidateDetails -->
    </test> <!-- CandidateDetails -->
    <test name="companySetting" duration-ms="35943" started-at="2021-01-06T21:15:30 BDT" finished-at="2021-01-06T21:16:06 BDT">
      <class name="Wp.EasyJobsProject.Test.Settings">
        <test-method status="PASS" signature="companySettings()[pri:0, instance:Wp.EasyJobsProject.Test.Settings@7a187f14]" name="companySettings" duration-ms="9073" started-at="2021-01-06T21:15:30 BDT" finished-at="2021-01-06T21:15:39 BDT">
          <reporter-output>
          </reporter-output>
        </test-method> <!-- companySettings -->
        <test-method status="PASS" signature="setting()[pri:0, instance:Wp.EasyJobsProject.Test.Settings@7a187f14]" name="setting" duration-ms="3702" started-at="2021-01-06T21:15:39 BDT" depends-on-methods="Wp.EasyJobsProject.Test.Settings.companySettings" finished-at="2021-01-06T21:15:42 BDT">
          <reporter-output>
          </reporter-output>
        </test-method> <!-- setting -->
        <test-method status="PASS" signature="manageuser()[pri:0, instance:Wp.EasyJobsProject.Test.Settings@7a187f14]" name="manageuser" duration-ms="18666" started-at="2021-01-06T21:15:42 BDT" depends-on-methods="Wp.EasyJobsProject.Test.Settings.setting" finished-at="2021-01-06T21:16:01 BDT">
          <reporter-output>
          </reporter-output>
        </test-method> <!-- manageuser -->
        <test-method status="PASS" signature="pipelinesetup()[pri:0, instance:Wp.EasyJobsProject.Test.Settings@7a187f14]" name="pipelinesetup" duration-ms="4496" started-at="2021-01-06T21:16:01 BDT" depends-on-methods="Wp.EasyJobsProject.Test.Settings.manageuser" finished-at="2021-01-06T21:16:06 BDT">
          <reporter-output>
          </reporter-output>
        </test-method> <!-- pipelinesetup -->
      </class> <!-- Wp.EasyJobsProject.Test.Settings -->
    </test> <!-- companySetting -->
    <test name="Evaluation" duration-ms="38226" started-at="2021-01-06T21:16:06 BDT" finished-at="2021-01-06T21:16:44 BDT">
      <class name="Wp.EasyJobsProject.Test.Evaluation">
        <test-method status="PASS" signature="evaluationtest()[pri:0, instance:Wp.EasyJobsProject.Test.Evaluation@3d921e20]" name="evaluationtest" duration-ms="3002" started-at="2021-01-06T21:16:06 BDT" finished-at="2021-01-06T21:16:09 BDT">
          <reporter-output>
          </reporter-output>
        </test-method> <!-- evaluationtest -->
        <test-method status="PASS" signature="quiestionset()[pri:0, instance:Wp.EasyJobsProject.Test.Evaluation@3d921e20]" name="quiestionset" duration-ms="35221" started-at="2021-01-06T21:16:09 BDT" depends-on-methods="Wp.EasyJobsProject.Test.Evaluation.evaluationtest" finished-at="2021-01-06T21:16:44 BDT">
          <reporter-output>
          </reporter-output>
        </test-method> <!-- quiestionset -->
      </class> <!-- Wp.EasyJobsProject.Test.Evaluation -->
    </test> <!-- Evaluation -->
  </suite> <!-- EasyJobsTestingSuite -->
</testng-results>
